<?xml version="1.0" encoding="UTF-8"?>
<!-- Generated by org.testng.reporters.JUnitXMLReporter -->
<testsuite ignored="0" hostname="CHINNA" failures="1" tests="8" name="test" time="5.938" errors="0" timestamp="2025-07-01T16:37:57 IST">
  <testcase classname="testng.ListenerClass" name="sampleTest1" time="5.847"/>
  <testcase classname="testng.ListenerClass" name="sampleTest2" time="0.008">
    <failure type="java.lang.AssertionError" message="expected [true] but found [false]">
      <![CDATA[java.lang.AssertionError: expected [true] but found [false]
at testng.ListenerClass.sampleTest2(ListenerClass.java:31)
at java.base/java.util.ArrayList.forEach(ArrayList.java:1597)
... Removed 29 stack frames]]>
    </failure>
  </testcase> <!-- sampleTest2 -->
  <testcase classname="testng.ListenerClass" name="sampleTest3" time="0.005"/>
  <testcase classname="testng.ListenerClass" name="sampleTest3" time="0.002"/>
  <testcase classname="testng.ListenerClass" name="sampleTest3" time="0.002"/>
  <testcase classname="testng.ListenerClass" name="sampleTest3" time="0.001"/>
  <testcase classname="testng.ListenerClass" name="sampleTest3" time="0.004"/>
  <testcase classname="testng.ListenerClass" name="sampleTest4" time="0.002">
    <skipped/>
  </testcase> <!-- sampleTest4 -->
</testsuite> <!-- test -->
