<?xml version="1.0" encoding="UTF-8"?>
<!-- Generated by org.testng.reporters.JUnitXMLReporter -->
<testsuite ignored="4" hostname="CHINNA" failures="0" tests="2" name="demo" time="0.055" errors="0" timestamp="2025-03-20T19:39:08 IST">
  <testcase classname="testng.TestNGAnnotationAttributes" name="Infy" time="0.008"/>
  <testcase classname="testng.TestNGAnnotationAttributes" name="Wipro" time="0.001"/>
  <testcase classname="testng.TestNGAnnotationAttributes" name="M2" time="0.0">
    <ignored/>
  </testcase> <!-- M2 -->
  <testcase classname="testng.TestNGAnnotationAttributes" name="M3" time="0.0">
    <ignored/>
  </testcase> <!-- M3 -->
  <testcase classname="testng.TestNGAnnotationAttributes" name="M1" time="0.0">
    <ignored/>
  </testcase> <!-- M1 -->
  <testcase classname="testng.TestNGAnnotationAttributes" name="Techm" time="0.0">
    <ignored/>
  </testcase> <!-- Techm -->
</testsuite> <!-- demo -->
